<?xml version="1.0" encoding="UTF-8"?>
<!-- Generated by org.testng.reporters.JUnitXMLReporter -->
<testsuite ignored="0" hostname="DESKTOP-QJD6ROR" failures="0" tests="6" name="Test" time="0.63" errors="0" timestamp="2022-09-06T12:38:07 IST">
  <testcase classname="TestCases.TestNG_B" name="testA" time="0.034"/>
  <testcase classname="TestCases.TestNG_B" name="testB" time="0.003"/>
  <testcase classname="TestCases.TestNG_B" name="testC" time="0.001"/>
  <testcase classname="TestCases.TestNG_A" name="testB" time="0.006"/>
  <testcase classname="TestCases.TestNG_A" name="testC" time="0.007"/>
  <testcase classname="TestCases.TestNG_A" name="testA" time="0.004"/>
</testsuite> <!-- Test -->
